测试集准确率： 91.76
  0    0    0    0    0    0    0    0    0    0    0    0    0    0    0    0    0    0    0    0  
  0    0    0    0    0    0    0    0    0    0    0    0    0    0    0    0    0    0    0    0  
  0    0    0    0    0    0    0    0    0    0    0    0    0    0    0    0    0    0    0    0  
  0    0    0    0    0    0    0   217  255  255  255  255  255  255   0    0    0    0    0    0  
  0    0    0    0    0    0   255   0    0    0    0    0    0    0   255  255   0    0    0    0  
  0    0    0    0    0   255   0    0    0    0    0    0    0    0    0   255   0    0    0    0  
  0    0    0    0    0   255   0    0    0    0    0    0    0    0   255   0    0    0    0    0  
  0    0    0    0    0    0   255  255   0    0    0    0    0    0   255   0    0    0    0    0  
  0    0    0    0    0    0    0    0    0   255  255   0    0   255   0    0    0    0    0    0  
  0    0    0    0    0    0    0    0    0    0    0   242  255   0    0    0    0    0    0    0  
  0    0    0    0    0    0    0    0    0    0   255   0    0   255  13    0    0    0    0    0  
  0    0    0    0    0    0    0    0   255  255   0    0    0    0   89   255   0    0    0    0  
  0    0    0    0    0    0    0   255   0    0    0    0    0    0    0   255   0    0    0    0  
  0    0    0    0    0    0   255   0    0    0    0    0    0    0    0   127   0    0    0    0  
  0    0    0    0    0    0   255   0    0    0    0    0    0    0    0    0    0    0    0    0  
  0    0    0    0    0    0   255  13    0    0    0    0    0    0    0   255   0    0    0    0  
  0    0    0    0    0    0    0    0   255   0    0    0    0    0   255  255   0    0    0    0  
  0    0    0    0    0    0    0    0    0    0    0    0    0    0    0    0    0    0    0    0  
  0    0    0    0    0    0    0    0    0    0    0    0    0    0    0    0    0    0    0    0  
  0    0    0    0    0    0    0    0    0    0    0    0    0    0    0    0    0    0    0    0  
[[8.]]
你所输入的数字是 [ 8 ] 吗?
